[23:43:15] [ServerMain/INFO]: [bootstrap] Running Java 21 (OpenJDK 64-Bit Server VM 21.0.8+9-Ubuntu-0ubuntu124.04.1; Ubuntu null) on Linux 6.8.0-1030-azure (amd64)
[23:43:15] [ServerMain/INFO]: [bootstrap] Loading Paper 1.21.1-57-master@b483da4 (2024-09-01T18:09:05Z) for Minecraft 1.21.1
[23:43:15] [ServerMain/INFO]: [PluginInitializerManager] Initializing plugins...
[23:43:16] [ServerMain/INFO]: [PluginInitializerManager] Initialized 2 plugins
[23:43:16] [ServerMain/INFO]: [PluginInitializerManager] Bukkit plugins (2):
 - BlockLocker (1.13), SkinsRestorer (15.7.8)
[23:43:22] [ServerMain/INFO]: Environment: Environment[sessionHost=https://sessionserver.mojang.com, servicesHost=https://api.minecraftservices.com, name=PROD]
[23:43:24] [ServerMain/INFO]: Loaded 1290 recipes
[23:43:24] [ServerMain/INFO]: Loaded 1399 advancements
[23:43:24] [Server thread/INFO]: Starting minecraft server version 1.21.1
[23:43:24] [Server thread/INFO]: Loading properties
[23:43:24] [Server thread/INFO]: This server is running Paper version 1.21.1-57-master@b483da4 (2024-09-01T18:09:05Z) (Implementing API version 1.21.1-R0.1-SNAPSHOT)
[23:43:25] [Server thread/INFO]: [spark] This server bundles the spark profiler. For more information please visit https://docs.papermc.io/paper/profiling
[23:43:25] [Server thread/INFO]: Server Ping Player Sample Count: 12
[23:43:25] [Server thread/INFO]: Using 4 threads for Netty based IO
[23:43:26] [Server thread/INFO]: [ChunkTaskScheduler] Chunk system is using 1 I/O threads, 1 worker threads, and population gen parallelism of 1 threads
[23:43:26] [Server thread/INFO]: Default game type: SURVIVAL
[23:43:26] [Server thread/INFO]: Generating keypair
[23:43:26] [Server thread/INFO]: Starting Minecraft server on *:25565
[23:43:26] [Server thread/INFO]: Using epoll channel type
[23:43:26] [Server thread/INFO]: Paper: Using libdeflate (Linux x86_64) compression from Velocity.
[23:43:26] [Server thread/INFO]: Paper: Using OpenSSL 3.0.x (Linux x86_64) cipher from Velocity.
[23:43:26] [Server thread/INFO]: [SkinsRestorer] Loading server plugin SkinsRestorer v15.7.8
[23:43:26] [Server thread/INFO]: [BlockLocker] Loading server plugin BlockLocker v1.13
[23:43:26] [Server thread/INFO]: Server permissions file permissions.yml is empty, ignoring it
[23:43:26] [Server thread/INFO]: [SkinsRestorer] Enabling SkinsRestorer v15.7.8
[23:43:29] [Server thread/INFO]: [SkinsRestorer] Running on Minecraft 1.21.1.
[23:43:30] [Server thread/INFO]: [SkinsRestorer] Using paper join listener!
[23:43:30] [Server thread/INFO]: [BlockLocker] Enabling BlockLocker v1.13
[23:43:30] [Server thread/WARN]: [org.bukkit.craftbukkit.legacy.CraftLegacy] Initializing Legacy Material Support. Unless you have legacy plugins and/or data this is a bug!
[23:43:30] [Folia Async Scheduler Thread #1/INFO]: [SkinsRestorer] ----------------------------------------------
[23:43:30] [Folia Async Scheduler Thread #1/INFO]: [SkinsRestorer]     +==================+
[23:43:30] [Folia Async Scheduler Thread #1/INFO]: [SkinsRestorer]     |   SkinsRestorer  |
[23:43:30] [Folia Async Scheduler Thread #1/INFO]: [SkinsRestorer]     |------------------|
[23:43:30] [Folia Async Scheduler Thread #1/INFO]: [SkinsRestorer]     |  Standalone Mode |
[23:43:30] [Folia Async Scheduler Thread #1/INFO]: [SkinsRestorer]     +==================+
[23:43:30] [Folia Async Scheduler Thread #1/INFO]: [SkinsRestorer] ----------------------------------------------
[23:43:30] [Folia Async Scheduler Thread #1/INFO]: [SkinsRestorer]     Version: 15.7.8
[23:43:30] [Folia Async Scheduler Thread #1/INFO]: [SkinsRestorer]     Commit: 8c78340
[23:43:30] [Folia Async Scheduler Thread #1/INFO]: [SkinsRestorer]     This is the latest version!
[23:43:30] [Folia Async Scheduler Thread #1/INFO]: [SkinsRestorer] ----------------------------------------------
[23:43:30] [Folia Async Scheduler Thread #1/INFO]: [SkinsRestorer] Do you have issues? Read our troubleshooting guide: https://skinsrestorer.net/docs/troubleshooting
[23:43:30] [Folia Async Scheduler Thread #1/INFO]: [SkinsRestorer] Want to support SkinsRestorer? Consider donating: https://skinsrestorer.net/donate
[23:43:36] [Server thread/WARN]: [BlockLocker] Cannot recognize material pale_oak_door, ignoring it
[23:43:36] [Server thread/WARN]: [BlockLocker] Cannot recognize material pale_oak_fence_gate, ignoring it
[23:43:36] [Server thread/WARN]: [BlockLocker] Cannot recognize material pale_oak_trapdoor, ignoring it
[23:43:36] [Server thread/WARN]: **** SERVER IS RUNNING IN OFFLINE/INSECURE MODE!
[23:43:36] [Server thread/WARN]: The server will make no attempt to authenticate usernames. Beware.
[23:43:36] [Server thread/WARN]: While this makes the game possible to play without internet access, it also opens up the ability for hackers to connect with any username they choose.
[23:43:36] [Server thread/WARN]: To change this, set "online-mode" to "true" in the server.properties file.
[23:43:36] [Server thread/INFO]: Preparing level "world"
[23:43:37] [Server thread/INFO]: Preparing start region for dimension minecraft:overworld
[23:43:38] [Server thread/INFO]: Time elapsed: 1409 ms
[23:43:38] [Server thread/INFO]: Preparing start region for dimension minecraft:the_nether
[23:43:38] [Server thread/INFO]: Time elapsed: 189 ms
[23:43:38] [Server thread/INFO]: Preparing start region for dimension minecraft:the_end
[23:43:39] [Server thread/INFO]: Time elapsed: 188 ms
[23:43:39] [Server thread/INFO]: [spark] Starting background profiler...
[23:43:40] [Server thread/INFO]: Done preparing level "world" (3.263s)
[23:43:40] [Server thread/INFO]: Running delayed init tasks
[23:43:40] [Server thread/INFO]: Done (26.682s)! For help, type "help"
[23:43:40] [Server thread/INFO]: Timings Reset
[23:43:42] [User Authenticator #0/INFO]: UUID of player IloveStiven_ is 1bef747c-a48e-3479-bb59-e8e0a0b5fc5a
[23:43:44] [Server thread/INFO]: IloveStiven_ joined the game
[23:43:44] [Server thread/INFO]: IloveStiven_[/127.130.169.114:49935] logged in with entity id 27 at ([world]154.41649831250004, 66.0, 888.1124425102093)
[23:43:45] [Server thread/WARN]: [ca.spottedleaf.moonrise.patches.chunk_system.level.entity.EntityLookup] Entity uuid already exists: 5951ce43-bf5b-4b55-b0d9-134f82d2ebe2, mapped to Villager['Villager'/32, uuid='5951ce43-bf5b-4b55-b0d9-134f82d2ebe2', l='ServerLevel[world]', x=165.27, y=67.00, z=895.50, cpos=[10, 55], tl=16742, v=true], can't add Villager['Villager'/40, uuid='5951ce43-bf5b-4b55-b0d9-134f82d2ebe2', l='ServerLevel[world]', x=162.58, y=67.00, z=898.47, cpos=[10, 56], tl=16862, v=false]
[23:43:45] [Server thread/WARN]: [ca.spottedleaf.moonrise.patches.chunk_system.level.entity.EntityLookup] Entity uuid already exists: 9bf56afa-43c7-48fe-93c2-ef3955f9a2c2, mapped to Bat['Bat'/62, uuid='9bf56afa-43c7-48fe-93c2-ef3955f9a2c2', l='ServerLevel[world]', x=130.10, y=-46.00, z=913.80, cpos=[8, 57], tl=535, v=true], can't add Bat['Bat'/74, uuid='9bf56afa-43c7-48fe-93c2-ef3955f9a2c2', l='ServerLevel[world]', x=115.25, y=-46.93, z=909.48, cpos=[7, 56], tl=317, v=false]
[23:43:45] [Server thread/WARN]: [ca.spottedleaf.moonrise.patches.chunk_system.level.entity.EntityLookup] Entity uuid already exists: 56c4d1f7-352c-443e-96b2-7b0f6cd37650, mapped to Cat['Cat'/61, uuid='56c4d1f7-352c-443e-96b2-7b0f6cd37650', l='ServerLevel[world]', x=178.28, y=70.00, z=866.25, cpos=[11, 54], tl=16413, v=true], can't add Cat['Cat'/88, uuid='56c4d1f7-352c-443e-96b2-7b0f6cd37650', l='ServerLevel[world]', x=176.28, y=68.00, z=859.57, cpos=[11, 53], tl=16334, v=false]
[23:44:04] [User Authenticator #0/INFO]: UUID of player Kenee is f6bfe59d-1dc6-3481-8e75-85cf58a46173
[23:44:05] [Server thread/INFO]: Kenee joined the game
[23:44:05] [Server thread/INFO]: Kenee[/127.171.122.209:53767] logged in with entity id 356 at ([world]158.86371466807523, 66.0, 887.2451523456391)
[23:45:48] [Server thread/INFO]: Kenee issued server command: /skin set Luvismi
[23:46:55] [Async Chat Thread - #0/INFO]: [Not Secure] <Kenee> ya vengo
[23:46:56] [Async Chat Thread - #0/INFO]: [Not Secure] <Kenee> spede
[23:46:59] [Async Chat Thread - #0/INFO]: [Not Secure] <Kenee> 10 m afk
[23:47:00] [Server thread/INFO]: Kenee lost connection: Disconnected
[23:47:00] [Server thread/INFO]: Kenee left the game
[23:48:53] [Server thread/INFO]: Villager Villager['Villager'/32, uuid='5951ce43-bf5b-4b55-b0d9-134f82d2ebe2', l='ServerLevel[world]', x=165.70, y=62.94, z=874.94, cpos=[10, 54], tl=22911, v=true] died, message: 'Villager was slain by Drowned'
[23:49:35] [Server thread/INFO]: Villager Villager['Villager'/150, uuid='1e516c99-59b5-4f62-aaf5-e0c5d2855f9f', l='ServerLevel[world]', x=190.64, y=72.00, z=830.82, cpos=[11, 51], tl=22934, v=true] died, message: 'Villager was slain by Zombie'
